<?xml version="1.0" encoding="UTF-8"?>
<!-- Generated by org.testng.reporters.JUnitReportReporter -->
<testsuite hostname="DESKTOP-NITIN" name="com.test.cases.TestCase1" tests="1" failures="0" timestamp="22 Apr 2019 16:42:22 GMT" time="0.017" errors="0">
  <testcase name="testCaseOne" time="0.017" classname="com.test.cases.TestCase1"/>
</testsuite> <!-- com.test.cases.TestCase1 -->
