<?xml version="1.0" encoding="UTF-8"?>
<!-- Generated by org.testng.reporters.JUnitReportReporter -->
<testsuite hostname="DESKTOP-NITIN" name="com.test.cases.TestCase2" tests="2" failures="0" timestamp="30 Jul 2019 19:02:37 GMT" time="0.003" errors="0">
  <testcase name="testCaseTwo" time="0.002" classname="com.test.cases.TestCase2"/>
  <testcase name="testCaseTwo2" time="0.001" classname="com.test.cases.TestCase2"/>
</testsuite> <!-- com.test.cases.TestCase2 -->
